<?xml version="1.0" encoding="UTF-8"?>
<testsuite name="PrimeCheckTest" tests="9" skipped="0" failures="0" errors="0" timestamp="2021-06-23T12:22:33" hostname="DESKTOP-1CQV6J1" time="24.216">
  <properties/>
  <testcase name="simpleTest()" classname="PrimeCheckTest" time="4.105"/>
  <testcase name="exampleSecondTest()" classname="PrimeCheckTest" time="0.005"/>
  <testcase name="streamTest()" classname="PrimeCheckTest" time="1.201"/>
  <testcase name="threadTest16()" classname="PrimeCheckTest" time="2.748"/>
  <testcase name="exampleFirstTest()" classname="PrimeCheckTest" time="0.005"/>
  <testcase name="threadTest2()" classname="PrimeCheckTest" time="4.022"/>
  <testcase name="threadTest3()" classname="PrimeCheckTest" time="4.056"/>
  <testcase name="threadTest4()" classname="PrimeCheckTest" time="4.029"/>
  <testcase name="threadTest8()" classname="PrimeCheckTest" time="4.028"/>
  <system-out><![CDATA[]]></system-out>
  <system-err><![CDATA[]]></system-err>
</testsuite>
