<?xml version="1.0" encoding="UTF-8"?>
<testsuite name="PrimeCheckTest" tests="1" skipped="0" failures="0" errors="0" timestamp="2021-05-21T03:08:57" hostname="LAPTOP-JIES4AL0" time="0.06">
  <properties/>
  <testcase name="exampleSecondTest()" classname="PrimeCheckTest" time="0.06"/>
  <system-out><![CDATA[]]></system-out>
  <system-err><![CDATA[]]></system-err>
</testsuite>
